{"numFailedTestSuites":3,"numFailedTests":4,"numPassedTestSuites":3,"numPassedTests":19,"numPendingTestSuites":0,"numPendingTests":0,"numRuntimeErrorTestSuites":0,"numTodoTests":0,"numTotalTestSuites":6,"numTotalTests":23,"openHandles":[],"snapshot":{"added":0,"didUpdate":false,"failure":false,"filesAdded":0,"filesRemoved":0,"filesRemovedList":[],"filesUnmatched":0,"filesUpdated":0,"matched":0,"total":0,"unchecked":0,"uncheckedKeysByFile":[],"unmatched":0,"updated":0},"startTime":1749685780526,"success":false,"testResults":[{"assertionResults":[{"ancestorTitles":["Clients page"],"duration":49,"failureDetails":[],"failureMessages":[],"fullName":"Clients page mounts without crash","invocations":1,"location":null,"numPassingAsserts":0,"retryReasons":[],"status":"passed","title":"mounts without crash"},{"ancestorTitles":["Clients page"],"duration":39,"failureDetails":[],"failureMessages":[],"fullName":"Clients page renders clients table","invocations":1,"location":null,"numPassingAsserts":2,"retryReasons":[],"status":"passed","title":"renders clients table"},{"ancestorTitles":["Clients page"],"duration":57,"failureDetails":[],"failureMessages":[],"fullName":"Clients page filters clients by name","invocations":1,"location":null,"numPassingAsserts":3,"retryReasons":[],"status":"passed","title":"filters clients by name"},{"ancestorTitles":["Clients page"],"duration":77,"failureDetails":[],"failureMessages":[],"fullName":"Clients page can add a client","invocations":1,"location":null,"numPassingAsserts":4,"retryReasons":[],"status":"passed","title":"can add a client"},{"ancestorTitles":["Clients page"],"duration":46,"failureDetails":[],"failureMessages":[],"fullName":"Clients page shows error if fields are empty","invocations":1,"location":null,"numPassingAsserts":2,"retryReasons":[],"status":"passed","title":"shows error if fields are empty"},{"ancestorTitles":["Clients page"],"duration":100,"failureDetails":[],"failureMessages":[],"fullName":"Clients page can select and bulk delete clients","invocations":1,"location":null,"numPassingAsserts":4,"retryReasons":[],"status":"passed","title":"can select and bulk delete clients"}],"endTime":1749685782104,"message":"","name":"D:\\fitness\\webadmin\\frontend\\src\\pages\\Clients.test.tsx","startTime":1749685780984,"status":"passed","summary":""},{"assertionResults":[{"ancestorTitles":["Workouts page"],"duration":39,"failureDetails":[],"failureMessages":[],"fullName":"Workouts page renders workouts table","invocations":1,"location":null,"numPassingAsserts":2,"retryReasons":[],"status":"passed","title":"renders workouts table"},{"ancestorTitles":["Workouts page"],"duration":32,"failureDetails":[],"failureMessages":[],"fullName":"Workouts page filters workouts by name","invocations":1,"location":null,"numPassingAsserts":3,"retryReasons":[],"status":"passed","title":"filters workouts by name"},{"ancestorTitles":["Workouts page"],"duration":44,"failureDetails":[],"failureMessages":[],"fullName":"Workouts page can add a workout","invocations":1,"location":null,"numPassingAsserts":4,"retryReasons":[],"status":"passed","title":"can add a workout"},{"ancestorTitles":["Workouts page"],"duration":46,"failureDetails":[],"failureMessages":[],"fullName":"Workouts page shows error if fields are empty","invocations":1,"location":null,"numPassingAsserts":2,"retryReasons":[],"status":"passed","title":"shows error if fields are empty"},{"ancestorTitles":["Workouts page"],"duration":32,"failureDetails":[{"matcherResult":{"message":"\u001b[2mexpect(\u001b[22m\u001b[31mreceived\u001b[39m\u001b[2m).\u001b[22mtoBeGreaterThan\u001b[2m(\u001b[22m\u001b[32mexpected\u001b[39m\u001b[2m)\u001b[22m\n\nExpected: > \u001b[32m1\u001b[39m\nReceived:   \u001b[31m0\u001b[39m","pass":false}}],"failureMessages":["Error: \u001b[2mexpect(\u001b[22m\u001b[31mreceived\u001b[39m\u001b[2m).\u001b[22mtoBeGreaterThan\u001b[2m(\u001b[22m\u001b[32mexpected\u001b[39m\u001b[2m)\u001b[22m\n\nExpected: > \u001b[32m1\u001b[39m\nReceived:   \u001b[31m0\u001b[39m\n    at D:\\fitness\\webadmin\\frontend\\src\\pages\\Workouts.test.tsx:64:31\n    at step (D:\\fitness\\webadmin\\frontend\\src\\pages\\Workouts.test.tsx:33:23)\n    at Object.next (D:\\fitness\\webadmin\\frontend\\src\\pages\\Workouts.test.tsx:14:53)\n    at fulfilled (D:\\fitness\\webadmin\\frontend\\src\\pages\\Workouts.test.tsx:5:58)"],"fullName":"Workouts page can select and bulk delete workouts","invocations":1,"location":null,"numPassingAsserts":1,"retryReasons":[],"status":"failed","title":"can select and bulk delete workouts"}],"endTime":1749685782528,"message":"\u001b[1m\u001b[31m  \u001b[1m● \u001b[22m\u001b[1mWorkouts page › can select and bulk delete workouts\u001b[39m\u001b[22m\n\n    \u001b[2mexpect(\u001b[22m\u001b[31mreceived\u001b[39m\u001b[2m).\u001b[22mtoBeGreaterThan\u001b[2m(\u001b[22m\u001b[32mexpected\u001b[39m\u001b[2m)\u001b[22m\n\n    Expected: > \u001b[32m1\u001b[39m\n    Received:   \u001b[31m0\u001b[39m\n\u001b[2m\u001b[22m\n\u001b[2m    \u001b[0m \u001b[90m 62 |\u001b[39m     expect(\u001b[36mawait\u001b[39m screen\u001b[33m.\u001b[39mfindByText(\u001b[32m'Morning Run'\u001b[39m))\u001b[33m.\u001b[39mtoBeInTheDocument()\u001b[33m;\u001b[39m\u001b[22m\n\u001b[2m     \u001b[90m 63 |\u001b[39m     \u001b[36mconst\u001b[39m checkboxes \u001b[33m=\u001b[39m screen\u001b[33m.\u001b[39mqueryAllByRole(\u001b[32m'checkbox'\u001b[39m)\u001b[33m;\u001b[39m\u001b[22m\n\u001b[2m    \u001b[31m\u001b[1m>\u001b[22m\u001b[2m\u001b[39m\u001b[90m 64 |\u001b[39m     expect(checkboxes\u001b[33m.\u001b[39mlength)\u001b[33m.\u001b[39mtoBeGreaterThan(\u001b[35m1\u001b[39m)\u001b[33m;\u001b[39m \u001b[90m// header + rows\u001b[39m\u001b[22m\n\u001b[2m     \u001b[90m    |\u001b[39m                               \u001b[31m\u001b[1m^\u001b[22m\u001b[2m\u001b[39m\u001b[22m\n\u001b[2m     \u001b[90m 65 |\u001b[39m     fireEvent\u001b[33m.\u001b[39mclick(checkboxes[\u001b[35m1\u001b[39m])\u001b[33m;\u001b[39m \u001b[90m// select first row\u001b[39m\u001b[22m\n\u001b[2m     \u001b[90m 66 |\u001b[39m     fireEvent\u001b[33m.\u001b[39mclick(screen\u001b[33m.\u001b[39mgetByText(\u001b[32m'Удалить выбранные'\u001b[39m))\u001b[33m;\u001b[39m\u001b[22m\n\u001b[2m     \u001b[90m 67 |\u001b[39m     \u001b[36mawait\u001b[39m waitFor(() \u001b[33m=>\u001b[39m expect(api\u001b[33m.\u001b[39m\u001b[36mdelete\u001b[39m)\u001b[33m.\u001b[39mtoHaveBeenCalled())\u001b[33m;\u001b[39m\u001b[0m\u001b[22m\n\u001b[2m\u001b[22m\n\u001b[2m      \u001b[2mat \u001b[22m\u001b[2m\u001b[0m\u001b[36msrc/pages/Workouts.test.tsx\u001b[39m\u001b[0m\u001b[2m:64:31\u001b[22m\u001b[2m\u001b[22m\n\u001b[2m      \u001b[2mat step (\u001b[22m\u001b[2m\u001b[0m\u001b[36msrc/pages/Workouts.test.tsx\u001b[39m\u001b[0m\u001b[2m:33:23)\u001b[22m\u001b[2m\u001b[22m\n\u001b[2m      \u001b[2mat Object.next (\u001b[22m\u001b[2m\u001b[0m\u001b[36msrc/pages/Workouts.test.tsx\u001b[39m\u001b[0m\u001b[2m:14:53)\u001b[22m\u001b[2m\u001b[22m\n\u001b[2m      \u001b[2mat fulfilled (\u001b[22m\u001b[2m\u001b[0m\u001b[36msrc/pages/Workouts.test.tsx\u001b[39m\u001b[0m\u001b[2m:5:58)\u001b[22m\u001b[2m\u001b[22m\n","name":"D:\\fitness\\webadmin\\frontend\\src\\pages\\Workouts.test.tsx","startTime":1749685782121,"status":"failed","summary":""},{"assertionResults":[{"ancestorTitles":["Reports page"],"duration":26,"failureDetails":[],"failureMessages":[],"fullName":"Reports page renders reports table","invocations":1,"location":null,"numPassingAsserts":2,"retryReasons":[],"status":"passed","title":"renders reports table"},{"ancestorTitles":["Reports page"],"duration":16,"failureDetails":[],"failureMessages":[],"fullName":"Reports page filters reports by text","invocations":1,"location":null,"numPassingAsserts":3,"retryReasons":[],"status":"passed","title":"filters reports by text"},{"ancestorTitles":["Reports page"],"duration":34,"failureDetails":[],"failureMessages":[],"fullName":"Reports page can add a report","invocations":1,"location":null,"numPassingAsserts":3,"retryReasons":[],"status":"passed","title":"can add a report"},{"ancestorTitles":["Reports page"],"duration":25,"failureDetails":[],"failureMessages":[],"fullName":"Reports page shows error if fields are empty","invocations":1,"location":null,"numPassingAsserts":2,"retryReasons":[],"status":"passed","title":"shows error if fields are empty"},{"ancestorTitles":["Reports page"],"duration":32,"failureDetails":[{"matcherResult":{"message":"\u001b[2mexpect(\u001b[22m\u001b[31mreceived\u001b[39m\u001b[2m).\u001b[22mtoBeGreaterThan\u001b[2m(\u001b[22m\u001b[32mexpected\u001b[39m\u001b[2m)\u001b[22m\n\nExpected: > \u001b[32m1\u001b[39m\nReceived:   \u001b[31m0\u001b[39m","pass":false}}],"failureMessages":["Error: \u001b[2mexpect(\u001b[22m\u001b[31mreceived\u001b[39m\u001b[2m).\u001b[22mtoBeGreaterThan\u001b[2m(\u001b[22m\u001b[32mexpected\u001b[39m\u001b[2m)\u001b[22m\n\nExpected: > \u001b[32m1\u001b[39m\nReceived:   \u001b[31m0\u001b[39m\n    at D:\\fitness\\webadmin\\frontend\\src\\pages\\Reports.test.tsx:63:31\n    at step (D:\\fitness\\webadmin\\frontend\\src\\pages\\Reports.test.tsx:33:23)\n    at Object.next (D:\\fitness\\webadmin\\frontend\\src\\pages\\Reports.test.tsx:14:53)\n    at fulfilled (D:\\fitness\\webadmin\\frontend\\src\\pages\\Reports.test.tsx:5:58)"],"fullName":"Reports page can select and bulk delete reports","invocations":1,"location":null,"numPassingAsserts":1,"retryReasons":[],"status":"failed","title":"can select and bulk delete reports"}],"endTime":1749685782833,"message":"\u001b[1m\u001b[31m  \u001b[1m● \u001b[22m\u001b[1mReports page › can select and bulk delete reports\u001b[39m\u001b[22m\n\n    \u001b[2mexpect(\u001b[22m\u001b[31mreceived\u001b[39m\u001b[2m).\u001b[22mtoBeGreaterThan\u001b[2m(\u001b[22m\u001b[32mexpected\u001b[39m\u001b[2m)\u001b[22m\n\n    Expected: > \u001b[32m1\u001b[39m\n    Received:   \u001b[31m0\u001b[39m\n\u001b[2m\u001b[22m\n\u001b[2m    \u001b[0m \u001b[90m 61 |\u001b[39m     expect(\u001b[36mawait\u001b[39m screen\u001b[33m.\u001b[39mfindByText(\u001b[32m'First report'\u001b[39m))\u001b[33m.\u001b[39mtoBeInTheDocument()\u001b[33m;\u001b[39m\u001b[22m\n\u001b[2m     \u001b[90m 62 |\u001b[39m     \u001b[36mconst\u001b[39m checkboxes \u001b[33m=\u001b[39m screen\u001b[33m.\u001b[39mqueryAllByRole(\u001b[32m'checkbox'\u001b[39m)\u001b[33m;\u001b[39m\u001b[22m\n\u001b[2m    \u001b[31m\u001b[1m>\u001b[22m\u001b[2m\u001b[39m\u001b[90m 63 |\u001b[39m     expect(checkboxes\u001b[33m.\u001b[39mlength)\u001b[33m.\u001b[39mtoBeGreaterThan(\u001b[35m1\u001b[39m)\u001b[33m;\u001b[39m \u001b[90m// header + rows\u001b[39m\u001b[22m\n\u001b[2m     \u001b[90m    |\u001b[39m                               \u001b[31m\u001b[1m^\u001b[22m\u001b[2m\u001b[39m\u001b[22m\n\u001b[2m     \u001b[90m 64 |\u001b[39m     fireEvent\u001b[33m.\u001b[39mclick(checkboxes[\u001b[35m1\u001b[39m])\u001b[33m;\u001b[39m\u001b[22m\n\u001b[2m     \u001b[90m 65 |\u001b[39m     fireEvent\u001b[33m.\u001b[39mclick(screen\u001b[33m.\u001b[39mgetByText(\u001b[32m'Удалить выбранные'\u001b[39m))\u001b[33m;\u001b[39m\u001b[22m\n\u001b[2m     \u001b[90m 66 |\u001b[39m     \u001b[36mawait\u001b[39m waitFor(() \u001b[33m=>\u001b[39m expect(api\u001b[33m.\u001b[39m\u001b[36mdelete\u001b[39m)\u001b[33m.\u001b[39mtoHaveBeenCalled())\u001b[33m;\u001b[39m\u001b[0m\u001b[22m\n\u001b[2m\u001b[22m\n\u001b[2m      \u001b[2mat \u001b[22m\u001b[2m\u001b[0m\u001b[36msrc/pages/Reports.test.tsx\u001b[39m\u001b[0m\u001b[2m:63:31\u001b[22m\u001b[2m\u001b[22m\n\u001b[2m      \u001b[2mat step (\u001b[22m\u001b[2m\u001b[0m\u001b[36msrc/pages/Reports.test.tsx\u001b[39m\u001b[0m\u001b[2m:33:23)\u001b[22m\u001b[2m\u001b[22m\n\u001b[2m      \u001b[2mat Object.next (\u001b[22m\u001b[2m\u001b[0m\u001b[36msrc/pages/Reports.test.tsx\u001b[39m\u001b[0m\u001b[2m:14:53)\u001b[22m\u001b[2m\u001b[22m\n\u001b[2m      \u001b[2mat fulfilled (\u001b[22m\u001b[2m\u001b[0m\u001b[36msrc/pages/Reports.test.tsx\u001b[39m\u001b[0m\u001b[2m:5:58)\u001b[22m\u001b[2m\u001b[22m\n","name":"D:\\fitness\\webadmin\\frontend\\src\\pages\\Reports.test.tsx","startTime":1749685782539,"status":"failed","summary":""},{"assertionResults":[{"ancestorTitles":["Nutrition page"],"duration":26,"failureDetails":[],"failureMessages":[],"fullName":"Nutrition page renders nutrition plans table","invocations":1,"location":null,"numPassingAsserts":2,"retryReasons":[],"status":"passed","title":"renders nutrition plans table"},{"ancestorTitles":["Nutrition page"],"duration":16,"failureDetails":[],"failureMessages":[],"fullName":"Nutrition page filters plans by name","invocations":1,"location":null,"numPassingAsserts":3,"retryReasons":[],"status":"passed","title":"filters plans by name"},{"ancestorTitles":["Nutrition page"],"duration":30,"failureDetails":[{"name":"TestingLibraryElementError"}],"failureMessages":["TestingLibraryElementError: Unable to find an element with the placeholder text of: Название\n\nIgnored nodes: comments, script, style\n\u001b[36m<body>\u001b[39m\n  \u001b[36m<div>\u001b[39m\n    \u001b[36m<div>\u001b[39m\n      \u001b[36m<h2>\u001b[39m\n        \u001b[0mПитание\u001b[0m\n      \u001b[36m</h2>\u001b[39m\n      \u001b[36m<input\u001b[39m\n        \u001b[33mplaceholder\u001b[39m=\u001b[32m\"Фильтр по названию\"\u001b[39m\n        \u001b[33mvalue\u001b[39m=\u001b[32m\"\"\u001b[39m\n      \u001b[36m/>\u001b[39m\n      \u001b[36m<form\u001b[39m\n        \u001b[33mstyle\u001b[39m=\u001b[32m\"margin: 16px 0px;\"\u001b[39m\n      \u001b[36m>\u001b[39m\n        \u001b[36m<input\u001b[39m\n          \u001b[33mname\u001b[39m=\u001b[32m\"name\"\u001b[39m\n          \u001b[33mplaceholder\u001b[39m=\u001b[32m\"Название плана\"\u001b[39m\n          \u001b[33mvalue\u001b[39m=\u001b[32m\"\"\u001b[39m\n        \u001b[36m/>\u001b[39m\n        \u001b[36m<textarea\u001b[39m\n          \u001b[33mname\u001b[39m=\u001b[32m\"description\"\u001b[39m\n          \u001b[33mplaceholder\u001b[39m=\u001b[32m\"Описание\"\u001b[39m\n        \u001b[36m/>\u001b[39m\n        \u001b[36m<button\u001b[39m\n          \u001b[33mtype\u001b[39m=\u001b[32m\"submit\"\u001b[39m\n        \u001b[36m>\u001b[39m\n          \u001b[0mДобавить\u001b[0m\n        \u001b[36m</button>\u001b[39m\n      \u001b[36m</form>\u001b[39m\n      \u001b[36m<table>\u001b[39m\n        \u001b[36m<thead>\u001b[39m\n          \u001b[36m<tr>\u001b[39m\n            \u001b[36m<th>\u001b[39m\n              \u001b[0mID\u001b[0m\n            \u001b[36m</th>\u001b[39m\n            \u001b[36m<th>\u001b[39m\n              \u001b[0mНазвание\u001b[0m\n            \u001b[36m</th>\u001b[39m\n            \u001b[36m<th>\u001b[39m\n              \u001b[0mОписание\u001b[0m\n            \u001b[36m</th>\u001b[39m\n            \u001b[36m<th>\u001b[39m\n              \u001b[0mДействия\u001b[0m\n            \u001b[36m</th>\u001b[39m\n          \u001b[36m</tr>\u001b[39m\n        \u001b[36m</thead>\u001b[39m\n        \u001b[36m<tbody>\u001b[39m\n          \u001b[36m<tr>\u001b[39m\n            \u001b[36m<td>\u001b[39m\n              \u001b[0m1\u001b[0m\n            \u001b[36m</td>\u001b[39m\n            \u001b[36m<td>\u001b[39m\n              \u001b[0mLow Carb\u001b[0m\n            \u001b[36m</td>\u001b[39m\n            \u001b[36m<td>\u001b[39m\n              \u001b[0mdesc1\u001b[0m\n            \u001b[36m</td>\u001b[39m\n            \u001b[36m<td>\u001b[39m\n              \u001b[36m<button>\u001b[39m\n                \u001b[0mРедактировать\u001b[0m\n              \u001b[36m</button>\u001b[39m\n              \u001b[36m<button>\u001b[39m\n                \u001b[0mУдалить\u001b[0m\n              \u001b[36m</button>\u001b[39m\n            \u001b[36m</td>\u001b[39m\n          \u001b[36m</tr>\u001b[39m\n          \u001b[36m<tr>\u001b[39m\n            \u001b[36m<td>\u001b[39m\n              \u001b[0m2\u001b[0m\n            \u001b[36m</td>\u001b[39m\n            \u001b[36m<td>\u001b[39m\n              \u001b[0mKeto\u001b[0m\n            \u001b[36m</td>\u001b[39m\n            \u001b[36m<td>\u001b[39m\n              \u001b[0mdesc2\u001b[0m\n            \u001b[36m</td>\u001b[39m\n            \u001b[36m<td>\u001b[39m\n              \u001b[36m<button>\u001b[39m\n                \u001b[0mРедактировать\u001b[0m\n              \u001b[36m</button>\u001b[39m\n              \u001b[36m<button>\u001b[39m\n                \u001b[0mУдалить\u001b[0m\n              \u001b[36m</button>\u001b[39m\n            \u001b[36m</td>\u001b[39m\n          \u001b[36m</tr>\u001b[39m\n        \u001b[36m</tbody>\u001b[39m\n      \u001b[36m</table>\u001b[39m\n    \u001b[36m</div>\u001b[39m\n  \u001b[36m</div>\u001b[39m\n\u001b[36m</body>\u001b[39m\n    at Object.getElementError (D:\\fitness\\webadmin\\frontend\\node_modules\\@testing-library\\react\\node_modules\\@testing-library\\dom\\dist\\config.js:37:19)\n    at D:\\fitness\\webadmin\\frontend\\node_modules\\@testing-library\\react\\node_modules\\@testing-library\\dom\\dist\\query-helpers.js:76:38\n    at D:\\fitness\\webadmin\\frontend\\node_modules\\@testing-library\\react\\node_modules\\@testing-library\\dom\\dist\\query-helpers.js:52:17\n    at D:\\fitness\\webadmin\\frontend\\node_modules\\@testing-library\\react\\node_modules\\@testing-library\\dom\\dist\\query-helpers.js:95:19\n    at D:\\fitness\\webadmin\\frontend\\src\\pages\\Nutrition.test.tsx:39:29\n    at step (D:\\fitness\\webadmin\\frontend\\src\\pages\\Nutrition.test.tsx:33:23)\n    at Object.next (D:\\fitness\\webadmin\\frontend\\src\\pages\\Nutrition.test.tsx:14:53)\n    at fulfilled (D:\\fitness\\webadmin\\frontend\\src\\pages\\Nutrition.test.tsx:5:58)"],"fullName":"Nutrition page can add a plan","invocations":1,"location":null,"numPassingAsserts":1,"retryReasons":[],"status":"failed","title":"can add a plan"},{"ancestorTitles":["Nutrition page"],"duration":44,"failureDetails":[],"failureMessages":[],"fullName":"Nutrition page shows error if fields are empty","invocations":1,"location":null,"numPassingAsserts":2,"retryReasons":[],"status":"passed","title":"shows error if fields are empty"},{"ancestorTitles":["Nutrition page"],"duration":121,"failureDetails":[{"name":"TestingLibraryElementError"}],"failureMessages":["TestingLibraryElementError: Unable to find an accessible element with the role \"checkbox\"\n\nHere are the accessible roles:\n\n  heading:\n\n  Name \"Питание\":\n  \u001b[36m<h2 />\u001b[39m\n\n  --------------------------------------------------\n  textbox:\n\n  Name \"\":\n  \u001b[36m<input\u001b[39m\n    \u001b[33mplaceholder\u001b[39m=\u001b[32m\"Фильтр по названию\"\u001b[39m\n    \u001b[33mvalue\u001b[39m=\u001b[32m\"\"\u001b[39m\n  \u001b[36m/>\u001b[39m\n\n  Name \"\":\n  \u001b[36m<input\u001b[39m\n    \u001b[33mname\u001b[39m=\u001b[32m\"name\"\u001b[39m\n    \u001b[33mplaceholder\u001b[39m=\u001b[32m\"Название плана\"\u001b[39m\n    \u001b[33mvalue\u001b[39m=\u001b[32m\"\"\u001b[39m\n  \u001b[36m/>\u001b[39m\n\n  Name \"\":\n  \u001b[36m<textarea\u001b[39m\n    \u001b[33mname\u001b[39m=\u001b[32m\"description\"\u001b[39m\n    \u001b[33mplaceholder\u001b[39m=\u001b[32m\"Описание\"\u001b[39m\n  \u001b[36m/>\u001b[39m\n\n  --------------------------------------------------\n  button:\n\n  Name \"Добавить\":\n  \u001b[36m<button\u001b[39m\n    \u001b[33mtype\u001b[39m=\u001b[32m\"submit\"\u001b[39m\n  \u001b[36m/>\u001b[39m\n\n  Name \"Редактировать\":\n  \u001b[36m<button />\u001b[39m\n\n  Name \"Удалить\":\n  \u001b[36m<button />\u001b[39m\n\n  Name \"Редактировать\":\n  \u001b[36m<button />\u001b[39m\n\n  Name \"Удалить\":\n  \u001b[36m<button />\u001b[39m\n\n  --------------------------------------------------\n  table:\n\n  Name \"\":\n  \u001b[36m<table />\u001b[39m\n\n  --------------------------------------------------\n  rowgroup:\n\n  Name \"\":\n  \u001b[36m<thead />\u001b[39m\n\n  Name \"\":\n  \u001b[36m<tbody />\u001b[39m\n\n  --------------------------------------------------\n  row:\n\n  Name \"ID Название Описание Действия\":\n  \u001b[36m<tr />\u001b[39m\n\n  Name \"1 Low Carb desc1 Редактировать Удалить\":\n  \u001b[36m<tr />\u001b[39m\n\n  Name \"2 Keto desc2 Редактировать Удалить\":\n  \u001b[36m<tr />\u001b[39m\n\n  --------------------------------------------------\n  columnheader:\n\n  Name \"ID\":\n  \u001b[36m<th />\u001b[39m\n\n  Name \"Название\":\n  \u001b[36m<th />\u001b[39m\n\n  Name \"Описание\":\n  \u001b[36m<th />\u001b[39m\n\n  Name \"Действия\":\n  \u001b[36m<th />\u001b[39m\n\n  --------------------------------------------------\n  cell:\n\n  Name \"1\":\n  \u001b[36m<td />\u001b[39m\n\n  Name \"Low Carb\":\n  \u001b[36m<td />\u001b[39m\n\n  Name \"desc1\":\n  \u001b[36m<td />\u001b[39m\n\n  Name \"Редактировать Удалить\":\n  \u001b[36m<td />\u001b[39m\n\n  Name \"2\":\n  \u001b[36m<td />\u001b[39m\n\n  Name \"Keto\":\n  \u001b[36m<td />\u001b[39m\n\n  Name \"desc2\":\n  \u001b[36m<td />\u001b[39m\n\n  Name \"Редактировать Удалить\":\n  \u001b[36m<td />\u001b[39m\n\n  --------------------------------------------------\n\nIgnored nodes: comments, script, style\n\u001b[36m<body>\u001b[39m\n  \u001b[36m<div>\u001b[39m\n    \u001b[36m<div>\u001b[39m\n      \u001b[36m<h2>\u001b[39m\n        \u001b[0mПитание\u001b[0m\n      \u001b[36m</h2>\u001b[39m\n      \u001b[36m<input\u001b[39m\n        \u001b[33mplaceholder\u001b[39m=\u001b[32m\"Фильтр по названию\"\u001b[39m\n        \u001b[33mvalue\u001b[39m=\u001b[32m\"\"\u001b[39m\n      \u001b[36m/>\u001b[39m\n      \u001b[36m<form\u001b[39m\n        \u001b[33mstyle\u001b[39m=\u001b[32m\"margin: 16px 0px;\"\u001b[39m\n      \u001b[36m>\u001b[39m\n        \u001b[36m<input\u001b[39m\n          \u001b[33mname\u001b[39m=\u001b[32m\"name\"\u001b[39m\n          \u001b[33mplaceholder\u001b[39m=\u001b[32m\"Название плана\"\u001b[39m\n          \u001b[33mvalue\u001b[39m=\u001b[32m\"\"\u001b[39m\n        \u001b[36m/>\u001b[39m\n        \u001b[36m<textarea\u001b[39m\n          \u001b[33mname\u001b[39m=\u001b[32m\"description\"\u001b[39m\n          \u001b[33mplaceholder\u001b[39m=\u001b[32m\"Описание\"\u001b[39m\n        \u001b[36m/>\u001b[39m\n        \u001b[36m<button\u001b[39m\n          \u001b[33mtype\u001b[39m=\u001b[32m\"submit\"\u001b[39m\n        \u001b[36m>\u001b[39m\n          \u001b[0mДобавить\u001b[0m\n        \u001b[36m</button>\u001b[39m\n      \u001b[36m</form>\u001b[39m\n      \u001b[36m<table>\u001b[39m\n        \u001b[36m<thead>\u001b[39m\n          \u001b[36m<tr>\u001b[39m\n            \u001b[36m<th>\u001b[39m\n              \u001b[0mID\u001b[0m\n            \u001b[36m</th>\u001b[39m\n            \u001b[36m<th>\u001b[39m\n              \u001b[0mНазвание\u001b[0m\n            \u001b[36m</th>\u001b[39m\n            \u001b[36m<th>\u001b[39m\n              \u001b[0mОписание\u001b[0m\n            \u001b[36m</th>\u001b[39m\n            \u001b[36m<th>\u001b[39m\n              \u001b[0mДействия\u001b[0m\n            \u001b[36m</th>\u001b[39m\n          \u001b[36m</tr>\u001b[39m\n        \u001b[36m</thead>\u001b[39m\n        \u001b[36m<tbody>\u001b[39m\n          \u001b[36m<tr>\u001b[39m\n            \u001b[36m<td>\u001b[39m\n              \u001b[0m1\u001b[0m\n            \u001b[36m</td>\u001b[39m\n            \u001b[36m<td>\u001b[39m\n              \u001b[0mLow Carb\u001b[0m\n            \u001b[36m</td>\u001b[39m\n            \u001b[36m<td>\u001b[39m\n              \u001b[0mdesc1\u001b[0m\n            \u001b[36m</td>\u001b[39m\n            \u001b[36m<td>\u001b[39m\n              \u001b[36m<button>\u001b[39m\n                \u001b[0mРедактировать\u001b[0m\n              \u001b[36m</button>\u001b[39m\n              \u001b[36m<button>\u001b[39m\n                \u001b[0mУдалить\u001b[0m\n              \u001b[36m</button>\u001b[39m\n            \u001b[36m</td>\u001b[39m\n          \u001b[36m</tr>\u001b[39m\n          \u001b[36m<tr>\u001b[39m\n            \u001b[36m<td>\u001b[39m\n              \u001b[0m2\u001b[0m\n            \u001b[36m</td>\u001b[39m\n            \u001b[36m<td>\u001b[39m\n              \u001b[0mKeto\u001b[0m\n            \u001b[36m</td>\u001b[39m\n            \u001b[36m<td>\u001b[39m\n              \u001b[0mdesc2\u001b[0m\n            \u001b[36m</td>\u001b[39m\n            \u001b[36m<td>\u001b[39m\n              \u001b[36m<button>\u001b[39m\n                \u001b[0mРедактировать\u001b[0m\n              \u001b[36m</button>\u001b[39m\n              \u001b[36m<button>\u001b[39m\n                \u001b[0mУдалить\u001b[0m\n              \u001b[36m</button>\u001b[39m\n            \u001b[36m</td>\u001b[39m\n          \u001b[36m</tr>\u001b[39m\n        \u001b[36m</tbody>\u001b[39m\n      \u001b[36m</table>\u001b[39m\n    \u001b[36m</div>\u001b[39m\n  \u001b[36m</div>\u001b[39m\n\u001b[36m</body>\u001b[39m\n    at Object.getElementError (D:\\fitness\\webadmin\\frontend\\node_modules\\@testing-library\\react\\node_modules\\@testing-library\\dom\\dist\\config.js:37:19)\n    at D:\\fitness\\webadmin\\frontend\\node_modules\\@testing-library\\react\\node_modules\\@testing-library\\dom\\dist\\query-helpers.js:76:38\n    at D:\\fitness\\webadmin\\frontend\\node_modules\\@testing-library\\react\\node_modules\\@testing-library\\dom\\dist\\query-helpers.js:109:15\n    at D:\\fitness\\webadmin\\frontend\\src\\pages\\Nutrition.test.tsx:62:31\n    at step (D:\\fitness\\webadmin\\frontend\\src\\pages\\Nutrition.test.tsx:33:23)\n    at Object.next (D:\\fitness\\webadmin\\frontend\\src\\pages\\Nutrition.test.tsx:14:53)\n    at fulfilled (D:\\fitness\\webadmin\\frontend\\src\\pages\\Nutrition.test.tsx:5:58)"],"fullName":"Nutrition page can select and bulk delete plans","invocations":1,"location":null,"numPassingAsserts":1,"retryReasons":[],"status":"failed","title":"can select and bulk delete plans"}],"endTime":1749685783253,"message":"\u001b[1m\u001b[31m  \u001b[1m● \u001b[22m\u001b[1mNutrition page › can add a plan\u001b[39m\u001b[22m\n\n    TestingLibraryElementError: Unable to find an element with the placeholder text of: Название\n\n    Ignored nodes: comments, script, style\n    \u001b[36m<body>\u001b[39m\n      \u001b[36m<div>\u001b[39m\n        \u001b[36m<div>\u001b[39m\n          \u001b[36m<h2>\u001b[39m\n            \u001b[0mПитание\u001b[0m\n          \u001b[36m</h2>\u001b[39m\n          \u001b[36m<input\u001b[39m\n            \u001b[33mplaceholder\u001b[39m=\u001b[32m\"Фильтр по названию\"\u001b[39m\n            \u001b[33mvalue\u001b[39m=\u001b[32m\"\"\u001b[39m\n          \u001b[36m/>\u001b[39m\n          \u001b[36m<form\u001b[39m\n            \u001b[33mstyle\u001b[39m=\u001b[32m\"margin: 16px 0px;\"\u001b[39m\n          \u001b[36m>\u001b[39m\n            \u001b[36m<input\u001b[39m\n              \u001b[33mname\u001b[39m=\u001b[32m\"name\"\u001b[39m\n              \u001b[33mplaceholder\u001b[39m=\u001b[32m\"Название плана\"\u001b[39m\n              \u001b[33mvalue\u001b[39m=\u001b[32m\"\"\u001b[39m\n            \u001b[36m/>\u001b[39m\n            \u001b[36m<textarea\u001b[39m\n              \u001b[33mname\u001b[39m=\u001b[32m\"description\"\u001b[39m\n              \u001b[33mplaceholder\u001b[39m=\u001b[32m\"Описание\"\u001b[39m\n            \u001b[36m/>\u001b[39m\n            \u001b[36m<button\u001b[39m\n              \u001b[33mtype\u001b[39m=\u001b[32m\"submit\"\u001b[39m\n            \u001b[36m>\u001b[39m\n              \u001b[0mДобавить\u001b[0m\n            \u001b[36m</button>\u001b[39m\n          \u001b[36m</form>\u001b[39m\n          \u001b[36m<table>\u001b[39m\n            \u001b[36m<thead>\u001b[39m\n              \u001b[36m<tr>\u001b[39m\n                \u001b[36m<th>\u001b[39m\n                  \u001b[0mID\u001b[0m\n                \u001b[36m</th>\u001b[39m\n                \u001b[36m<th>\u001b[39m\n                  \u001b[0mНазвание\u001b[0m\n                \u001b[36m</th>\u001b[39m\n                \u001b[36m<th>\u001b[39m\n                  \u001b[0mОписание\u001b[0m\n                \u001b[36m</th>\u001b[39m\n                \u001b[36m<th>\u001b[39m\n                  \u001b[0mДействия\u001b[0m\n                \u001b[36m</th>\u001b[39m\n              \u001b[36m</tr>\u001b[39m\n            \u001b[36m</thead>\u001b[39m\n            \u001b[36m<tbody>\u001b[39m\n              \u001b[36m<tr>\u001b[39m\n                \u001b[36m<td>\u001b[39m\n                  \u001b[0m1\u001b[0m\n                \u001b[36m</td>\u001b[39m\n                \u001b[36m<td>\u001b[39m\n                  \u001b[0mLow Carb\u001b[0m\n                \u001b[36m</td>\u001b[39m\n                \u001b[36m<td>\u001b[39m\n                  \u001b[0mdesc1\u001b[0m\n                \u001b[36m</td>\u001b[39m\n                \u001b[36m<td>\u001b[39m\n                  \u001b[36m<button>\u001b[39m\n                    \u001b[0mРедактировать\u001b[0m\n                  \u001b[36m</button>\u001b[39m\n                  \u001b[36m<button>\u001b[39m\n                    \u001b[0mУдалить\u001b[0m\n                  \u001b[36m</button>\u001b[39m\n                \u001b[36m</td>\u001b[39m\n              \u001b[36m</tr>\u001b[39m\n              \u001b[36m<tr>\u001b[39m\n                \u001b[36m<td>\u001b[39m\n                  \u001b[0m2\u001b[0m\n                \u001b[36m</td>\u001b[39m\n                \u001b[36m<td>\u001b[39m\n                  \u001b[0mKeto\u001b[0m\n                \u001b[36m</td>\u001b[39m\n                \u001b[36m<td>\u001b[39m\n                  \u001b[0mdesc2\u001b[0m\n                \u001b[36m</td>\u001b[39m\n                \u001b[36m<td>\u001b[39m\n                  \u001b[36m<button>\u001b[39m\n                    \u001b[0mРедактировать\u001b[0m\n                  \u001b[36m</button>\u001b[39m\n                  \u001b[36m<button>\u001b[39m\n                    \u001b[0mУдалить\u001b[0m\n                  \u001b[36m</button>\u001b[39m\n                \u001b[36m</td>\u001b[39m\n              \u001b[36m</tr>\u001b[39m\n            \u001b[36m</tbody>\u001b[39m\n          \u001b[36m</table>\u001b[39m\n        \u001b[36m</div>\u001b[39m\n      \u001b[36m</div>\u001b[39m\n    \u001b[36m</body>\u001b[39m\n\u001b[2m\u001b[22m\n\u001b[2m    \u001b[0m \u001b[90m 37 |\u001b[39m     render(\u001b[33m<\u001b[39m\u001b[33mNutrition\u001b[39m \u001b[33m/\u001b[39m\u001b[33m>\u001b[39m)\u001b[33m;\u001b[39m\u001b[22m\n\u001b[2m     \u001b[90m 38 |\u001b[39m     expect(\u001b[36mawait\u001b[39m screen\u001b[33m.\u001b[39mfindByText(\u001b[32m'Low Carb'\u001b[39m))\u001b[33m.\u001b[39mtoBeInTheDocument()\u001b[33m;\u001b[39m\u001b[22m\n\u001b[2m    \u001b[31m\u001b[1m>\u001b[22m\u001b[2m\u001b[39m\u001b[90m 39 |\u001b[39m     fireEvent\u001b[33m.\u001b[39mchange(screen\u001b[33m.\u001b[39mgetByPlaceholderText(\u001b[32m'Название'\u001b[39m)\u001b[33m,\u001b[39m { target\u001b[33m:\u001b[39m { value\u001b[33m:\u001b[39m \u001b[32m'Vegan'\u001b[39m } })\u001b[33m;\u001b[39m\u001b[22m\n\u001b[2m     \u001b[90m    |\u001b[39m                             \u001b[31m\u001b[1m^\u001b[22m\u001b[2m\u001b[39m\u001b[22m\n\u001b[2m     \u001b[90m 40 |\u001b[39m     fireEvent\u001b[33m.\u001b[39mchange(screen\u001b[33m.\u001b[39mgetByPlaceholderText(\u001b[32m'Описание'\u001b[39m)\u001b[33m,\u001b[39m { target\u001b[33m:\u001b[39m { value\u001b[33m:\u001b[39m \u001b[32m'desc3'\u001b[39m } })\u001b[33m;\u001b[39m\u001b[22m\n\u001b[2m     \u001b[90m 41 |\u001b[39m     fireEvent\u001b[33m.\u001b[39mclick(screen\u001b[33m.\u001b[39mgetByText(\u001b[32m'Добавить'\u001b[39m))\u001b[33m;\u001b[39m\u001b[22m\n\u001b[2m     \u001b[90m 42 |\u001b[39m     \u001b[36mawait\u001b[39m waitFor(() \u001b[33m=>\u001b[39m {\u001b[0m\u001b[22m\n\u001b[2m\u001b[22m\n\u001b[2m      \u001b[2mat Object.getElementError (\u001b[22m\u001b[2mnode_modules/@testing-library/react/node_modules/@testing-library/dom/dist/config.js\u001b[2m:37:19)\u001b[22m\u001b[2m\u001b[22m\n\u001b[2m      \u001b[2mat \u001b[22m\u001b[2mnode_modules/@testing-library/react/node_modules/@testing-library/dom/dist/query-helpers.js\u001b[2m:76:38\u001b[22m\u001b[2m\u001b[22m\n\u001b[2m      \u001b[2mat \u001b[22m\u001b[2mnode_modules/@testing-library/react/node_modules/@testing-library/dom/dist/query-helpers.js\u001b[2m:52:17\u001b[22m\u001b[2m\u001b[22m\n\u001b[2m      \u001b[2mat \u001b[22m\u001b[2mnode_modules/@testing-library/react/node_modules/@testing-library/dom/dist/query-helpers.js\u001b[2m:95:19\u001b[22m\u001b[2m\u001b[22m\n\u001b[2m      \u001b[2mat \u001b[22m\u001b[2m\u001b[0m\u001b[36msrc/pages/Nutrition.test.tsx\u001b[39m\u001b[0m\u001b[2m:39:29\u001b[22m\u001b[2m\u001b[22m\n\u001b[2m      \u001b[2mat step (\u001b[22m\u001b[2m\u001b[0m\u001b[36msrc/pages/Nutrition.test.tsx\u001b[39m\u001b[0m\u001b[2m:33:23)\u001b[22m\u001b[2m\u001b[22m\n\u001b[2m      \u001b[2mat Object.next (\u001b[22m\u001b[2m\u001b[0m\u001b[36msrc/pages/Nutrition.test.tsx\u001b[39m\u001b[0m\u001b[2m:14:53)\u001b[22m\u001b[2m\u001b[22m\n\u001b[2m      \u001b[2mat fulfilled (\u001b[22m\u001b[2m\u001b[0m\u001b[36msrc/pages/Nutrition.test.tsx\u001b[39m\u001b[0m\u001b[2m:5:58)\u001b[22m\u001b[2m\u001b[22m\n\n\u001b[1m\u001b[31m  \u001b[1m● \u001b[22m\u001b[1mNutrition page › can select and bulk delete plans\u001b[39m\u001b[22m\n\n    TestingLibraryElementError: Unable to find an accessible element with the role \"checkbox\"\n\n    Here are the accessible roles:\n\n      heading:\n\n      Name \"Питание\":\n      \u001b[36m<h2 />\u001b[39m\n\n      --------------------------------------------------\n      textbox:\n\n      Name \"\":\n      \u001b[36m<input\u001b[39m\n        \u001b[33mplaceholder\u001b[39m=\u001b[32m\"Фильтр по названию\"\u001b[39m\n        \u001b[33mvalue\u001b[39m=\u001b[32m\"\"\u001b[39m\n      \u001b[36m/>\u001b[39m\n\n      Name \"\":\n      \u001b[36m<input\u001b[39m\n        \u001b[33mname\u001b[39m=\u001b[32m\"name\"\u001b[39m\n        \u001b[33mplaceholder\u001b[39m=\u001b[32m\"Название плана\"\u001b[39m\n        \u001b[33mvalue\u001b[39m=\u001b[32m\"\"\u001b[39m\n      \u001b[36m/>\u001b[39m\n\n      Name \"\":\n      \u001b[36m<textarea\u001b[39m\n        \u001b[33mname\u001b[39m=\u001b[32m\"description\"\u001b[39m\n        \u001b[33mplaceholder\u001b[39m=\u001b[32m\"Описание\"\u001b[39m\n      \u001b[36m/>\u001b[39m\n\n      --------------------------------------------------\n      button:\n\n      Name \"Добавить\":\n      \u001b[36m<button\u001b[39m\n        \u001b[33mtype\u001b[39m=\u001b[32m\"submit\"\u001b[39m\n      \u001b[36m/>\u001b[39m\n\n      Name \"Редактировать\":\n      \u001b[36m<button />\u001b[39m\n\n      Name \"Удалить\":\n      \u001b[36m<button />\u001b[39m\n\n      Name \"Редактировать\":\n      \u001b[36m<button />\u001b[39m\n\n      Name \"Удалить\":\n      \u001b[36m<button />\u001b[39m\n\n      --------------------------------------------------\n      table:\n\n      Name \"\":\n      \u001b[36m<table />\u001b[39m\n\n      --------------------------------------------------\n      rowgroup:\n\n      Name \"\":\n      \u001b[36m<thead />\u001b[39m\n\n      Name \"\":\n      \u001b[36m<tbody />\u001b[39m\n\n      --------------------------------------------------\n      row:\n\n      Name \"ID Название Описание Действия\":\n      \u001b[36m<tr />\u001b[39m\n\n      Name \"1 Low Carb desc1 Редактировать Удалить\":\n      \u001b[36m<tr />\u001b[39m\n\n      Name \"2 Keto desc2 Редактировать Удалить\":\n      \u001b[36m<tr />\u001b[39m\n\n      --------------------------------------------------\n      columnheader:\n\n      Name \"ID\":\n      \u001b[36m<th />\u001b[39m\n\n      Name \"Название\":\n      \u001b[36m<th />\u001b[39m\n\n      Name \"Описание\":\n      \u001b[36m<th />\u001b[39m\n\n      Name \"Действия\":\n      \u001b[36m<th />\u001b[39m\n\n      --------------------------------------------------\n      cell:\n\n      Name \"1\":\n      \u001b[36m<td />\u001b[39m\n\n      Name \"Low Carb\":\n      \u001b[36m<td />\u001b[39m\n\n      Name \"desc1\":\n      \u001b[36m<td />\u001b[39m\n\n      Name \"Редактировать Удалить\":\n      \u001b[36m<td />\u001b[39m\n\n      Name \"2\":\n      \u001b[36m<td />\u001b[39m\n\n      Name \"Keto\":\n      \u001b[36m<td />\u001b[39m\n\n      Name \"desc2\":\n      \u001b[36m<td />\u001b[39m\n\n      Name \"Редактировать Удалить\":\n      \u001b[36m<td />\u001b[39m\n\n      --------------------------------------------------\n\n    Ignored nodes: comments, script, style\n    \u001b[36m<body>\u001b[39m\n      \u001b[36m<div>\u001b[39m\n        \u001b[36m<div>\u001b[39m\n          \u001b[36m<h2>\u001b[39m\n            \u001b[0mПитание\u001b[0m\n          \u001b[36m</h2>\u001b[39m\n          \u001b[36m<input\u001b[39m\n            \u001b[33mplaceholder\u001b[39m=\u001b[32m\"Фильтр по названию\"\u001b[39m\n            \u001b[33mvalue\u001b[39m=\u001b[32m\"\"\u001b[39m\n          \u001b[36m/>\u001b[39m\n          \u001b[36m<form\u001b[39m\n            \u001b[33mstyle\u001b[39m=\u001b[32m\"margin: 16px 0px;\"\u001b[39m\n          \u001b[36m>\u001b[39m\n            \u001b[36m<input\u001b[39m\n              \u001b[33mname\u001b[39m=\u001b[32m\"name\"\u001b[39m\n              \u001b[33mplaceholder\u001b[39m=\u001b[32m\"Название плана\"\u001b[39m\n              \u001b[33mvalue\u001b[39m=\u001b[32m\"\"\u001b[39m\n            \u001b[36m/>\u001b[39m\n            \u001b[36m<textarea\u001b[39m\n              \u001b[33mname\u001b[39m=\u001b[32m\"description\"\u001b[39m\n              \u001b[33mplaceholder\u001b[39m=\u001b[32m\"Описание\"\u001b[39m\n            \u001b[36m/>\u001b[39m\n            \u001b[36m<button\u001b[39m\n              \u001b[33mtype\u001b[39m=\u001b[32m\"submit\"\u001b[39m\n            \u001b[36m>\u001b[39m\n              \u001b[0mДобавить\u001b[0m\n            \u001b[36m</button>\u001b[39m\n          \u001b[36m</form>\u001b[39m\n          \u001b[36m<table>\u001b[39m\n            \u001b[36m<thead>\u001b[39m\n              \u001b[36m<tr>\u001b[39m\n                \u001b[36m<th>\u001b[39m\n                  \u001b[0mID\u001b[0m\n                \u001b[36m</th>\u001b[39m\n                \u001b[36m<th>\u001b[39m\n                  \u001b[0mНазвание\u001b[0m\n                \u001b[36m</th>\u001b[39m\n                \u001b[36m<th>\u001b[39m\n                  \u001b[0mОписание\u001b[0m\n                \u001b[36m</th>\u001b[39m\n                \u001b[36m<th>\u001b[39m\n                  \u001b[0mДействия\u001b[0m\n                \u001b[36m</th>\u001b[39m\n              \u001b[36m</tr>\u001b[39m\n            \u001b[36m</thead>\u001b[39m\n            \u001b[36m<tbody>\u001b[39m\n              \u001b[36m<tr>\u001b[39m\n                \u001b[36m<td>\u001b[39m\n                  \u001b[0m1\u001b[0m\n                \u001b[36m</td>\u001b[39m\n                \u001b[36m<td>\u001b[39m\n                  \u001b[0mLow Carb\u001b[0m\n                \u001b[36m</td>\u001b[39m\n                \u001b[36m<td>\u001b[39m\n                  \u001b[0mdesc1\u001b[0m\n                \u001b[36m</td>\u001b[39m\n                \u001b[36m<td>\u001b[39m\n                  \u001b[36m<button>\u001b[39m\n                    \u001b[0mРедактировать\u001b[0m\n                  \u001b[36m</button>\u001b[39m\n                  \u001b[36m<button>\u001b[39m\n                    \u001b[0mУдалить\u001b[0m\n                  \u001b[36m</button>\u001b[39m\n                \u001b[36m</td>\u001b[39m\n              \u001b[36m</tr>\u001b[39m\n              \u001b[36m<tr>\u001b[39m\n                \u001b[36m<td>\u001b[39m\n                  \u001b[0m2\u001b[0m\n                \u001b[36m</td>\u001b[39m\n                \u001b[36m<td>\u001b[39m\n                  \u001b[0mKeto\u001b[0m\n                \u001b[36m</td>\u001b[39m\n                \u001b[36m<td>\u001b[39m\n                  \u001b[0mdesc2\u001b[0m\n                \u001b[36m</td>\u001b[39m\n                \u001b[36m<td>\u001b[39m\n                  \u001b[36m<button>\u001b[39m\n                    \u001b[0mРедактировать\u001b[0m\n                  \u001b[36m</button>\u001b[39m\n                  \u001b[36m<button>\u001b[39m\n                    \u001b[0mУдалить\u001b[0m\n                  \u001b[36m</button>\u001b[39m\n                \u001b[36m</td>\u001b[39m\n              \u001b[36m</tr>\u001b[39m\n            \u001b[36m</tbody>\u001b[39m\n          \u001b[36m</table>\u001b[39m\n        \u001b[36m</div>\u001b[39m\n      \u001b[36m</div>\u001b[39m\n    \u001b[36m</body>\u001b[39m\n\u001b[2m\u001b[22m\n\u001b[2m    \u001b[0m \u001b[90m 60 |\u001b[39m     render(\u001b[33m<\u001b[39m\u001b[33mNutrition\u001b[39m \u001b[33m/\u001b[39m\u001b[33m>\u001b[39m)\u001b[33m;\u001b[39m\u001b[22m\n\u001b[2m     \u001b[90m 61 |\u001b[39m     expect(\u001b[36mawait\u001b[39m screen\u001b[33m.\u001b[39mfindByText(\u001b[32m'Low Carb'\u001b[39m))\u001b[33m.\u001b[39mtoBeInTheDocument()\u001b[33m;\u001b[39m\u001b[22m\n\u001b[2m    \u001b[31m\u001b[1m>\u001b[22m\u001b[2m\u001b[39m\u001b[90m 62 |\u001b[39m     \u001b[36mconst\u001b[39m checkboxes \u001b[33m=\u001b[39m screen\u001b[33m.\u001b[39mgetAllByRole(\u001b[32m'checkbox'\u001b[39m)\u001b[33m;\u001b[39m\u001b[22m\n\u001b[2m     \u001b[90m    |\u001b[39m                               \u001b[31m\u001b[1m^\u001b[22m\u001b[2m\u001b[39m\u001b[22m\n\u001b[2m     \u001b[90m 63 |\u001b[39m     fireEvent\u001b[33m.\u001b[39mclick(checkboxes[\u001b[35m1\u001b[39m])\u001b[33m;\u001b[39m\u001b[22m\n\u001b[2m     \u001b[90m 64 |\u001b[39m     fireEvent\u001b[33m.\u001b[39mclick(screen\u001b[33m.\u001b[39mgetByText(\u001b[32m'Удалить выбранные'\u001b[39m))\u001b[33m;\u001b[39m\u001b[22m\n\u001b[2m     \u001b[90m 65 |\u001b[39m     \u001b[36mawait\u001b[39m waitFor(() \u001b[33m=>\u001b[39m expect(api\u001b[33m.\u001b[39m\u001b[36mdelete\u001b[39m)\u001b[33m.\u001b[39mtoHaveBeenCalled())\u001b[33m;\u001b[39m\u001b[0m\u001b[22m\n\u001b[2m\u001b[22m\n\u001b[2m      \u001b[2mat Object.getElementError (\u001b[22m\u001b[2mnode_modules/@testing-library/react/node_modules/@testing-library/dom/dist/config.js\u001b[2m:37:19)\u001b[22m\u001b[2m\u001b[22m\n\u001b[2m      \u001b[2mat \u001b[22m\u001b[2mnode_modules/@testing-library/react/node_modules/@testing-library/dom/dist/query-helpers.js\u001b[2m:76:38\u001b[22m\u001b[2m\u001b[22m\n\u001b[2m      \u001b[2mat \u001b[22m\u001b[2mnode_modules/@testing-library/react/node_modules/@testing-library/dom/dist/query-helpers.js\u001b[2m:109:15\u001b[22m\u001b[2m\u001b[22m\n\u001b[2m      \u001b[2mat \u001b[22m\u001b[2m\u001b[0m\u001b[36msrc/pages/Nutrition.test.tsx\u001b[39m\u001b[0m\u001b[2m:62:31\u001b[22m\u001b[2m\u001b[22m\n\u001b[2m      \u001b[2mat step (\u001b[22m\u001b[2m\u001b[0m\u001b[36msrc/pages/Nutrition.test.tsx\u001b[39m\u001b[0m\u001b[2m:33:23)\u001b[22m\u001b[2m\u001b[22m\n\u001b[2m      \u001b[2mat Object.next (\u001b[22m\u001b[2m\u001b[0m\u001b[36msrc/pages/Nutrition.test.tsx\u001b[39m\u001b[0m\u001b[2m:14:53)\u001b[22m\u001b[2m\u001b[22m\n\u001b[2m      \u001b[2mat fulfilled (\u001b[22m\u001b[2m\u001b[0m\u001b[36msrc/pages/Nutrition.test.tsx\u001b[39m\u001b[0m\u001b[2m:5:58)\u001b[22m\u001b[2m\u001b[22m\n","name":"D:\\fitness\\webadmin\\frontend\\src\\pages\\Nutrition.test.tsx","startTime":1749685782845,"status":"failed","summary":""},{"assertionResults":[{"ancestorTitles":["Dummy"],"duration":4,"failureDetails":[],"failureMessages":[],"fullName":"Dummy renders dummy component","invocations":1,"location":null,"numPassingAsserts":1,"retryReasons":[],"status":"passed","title":"renders dummy component"}],"endTime":1749685783394,"message":"","name":"D:\\fitness\\webadmin\\frontend\\src\\pages\\Dummy.test.tsx","startTime":1749685783274,"status":"passed","summary":""},{"assertionResults":[{"ancestorTitles":[],"duration":0,"failureDetails":[],"failureMessages":[],"fullName":"plain math","invocations":1,"location":null,"numPassingAsserts":1,"retryReasons":[],"status":"passed","title":"plain math"}],"endTime":1749685783474,"message":"","name":"D:\\fitness\\webadmin\\frontend\\src\\pages\\plain.test.js","startTime":1749685783403,"status":"passed","summary":""}],"wasInterrupted":false}
